0 info it worked if it ends with ok
1 verbose cli [ 'C:\\Program Files\\nodejs\\node.exe',
1 verbose cli   'C:\\Program Files\\nodejs\\node_modules\\npm\\bin\\npm-cli.js',
1 verbose cli   'run',
1 verbose cli   'dev' ]
2 info using npm@3.10.10
3 info using node@v6.10.0
4 verbose run-script [ 'predev', 'dev', 'postdev' ]
5 info lifecycle blog-playlist@1.0.0~predev: blog-playlist@1.0.0
6 silly lifecycle blog-playlist@1.0.0~predev: no script for predev, continuing
7 info lifecycle blog-playlist@1.0.0~dev: blog-playlist@1.0.0
8 verbose lifecycle blog-playlist@1.0.0~dev: unsafe-perm in lifecycle true
9 verbose lifecycle blog-playlist@1.0.0~dev: PATH: C:\Program Files\nodejs\node_modules\npm\bin\node-gyp-bin;C:\Users\BIBO\Documents\Mywebsite\recording\blog-playlist\node_modules\.bin;C:\Python27\;C:\Python27\Scripts;C:\Program Files (x86)\Common Files\Oracle\Java\javapath;C:\Program Files\Microsoft MPI\Bin\;C:\Windows\system32;C:\Windows;C:\Windows\System32\Wbem;C:\Windows\System32\WindowsPowerShell\v1.0\;C:\Program Files (x86)\QuickTime\QTSystem\;C:\WINDOWS\system32;C:\WINDOWS;C:\WINDOWS\System32\Wbem;C:\WINDOWS\System32\WindowsPowerShell\v1.0\;C:\WINDOWS\System32\OpenSSH\;C:\Program Files\NVIDIA Corporation\NVIDIA NvDLISR;C:\Program Files (x86)\NVIDIA Corporation\PhysX\Common;C:\Program Files\dotnet\;C:\Program Files\Microsoft SQL Server\130\Tools\Binn\;C:\Program Files\Microsoft SQL Server\Client SDK\ODBC\170\Tools\Binn\;C:\Program Files (x86)\Microsoft SQL Server\140\Tools\Binn\;C:\Program Files\Microsoft SQL Server\140\Tools\Binn\;C:\Program Files (x86)\Microsoft SQL Server\140\DTS\Binn\;C:\Program Files\Microsoft SQL Server\140\DTS\Binn\;C:\Program Files\Microsoft SQL Server\Client SDK\ODBC\130\Tools\Binn\;C:\Program Files (x86)\Microsoft SQL Server\150\DTS\Binn\;C:\ProgramData\chocolatey\bin;C:\Program Files\Java\jdk1.8.0_221\bin;C:\wamp64\bin\php\php7.3.1;C:\composer;C:\Program Files\Git\cmd;C:\Program Files\nodejs\;C:\Users\BIBO\AppData\Local\Microsoft\WindowsApps;C:\Users\BIBO\AppData\Local\atom\bin;C:\Users\BIBO\AppData\Local\Microsoft\WindowsApps;C:\Users\BIBO\AppData\Local\Programs\Microsoft VS Code\bin;C:\Users\BIBO\AppData\Roaming\Composer\vendor\bin;C:\wamp64\bin\mysql\mysql5.7.24\bin;C:\src\flutter\bin;C:\Users\BIBO\AppData\Roaming\npm
10 verbose lifecycle blog-playlist@1.0.0~dev: CWD: C:\Users\BIBO\Documents\Mywebsite\recording\blog-playlist
11 silly lifecycle blog-playlist@1.0.0~dev: Args: [ '/d /s /c',
11 silly lifecycle   'cross-env NODE_ENV=development webpack-dev-server --open --hot' ]
12 silly lifecycle blog-playlist@1.0.0~dev: Returned: code: 3221225786  signal: null
13 info lifecycle blog-playlist@1.0.0~dev: Failed to exec dev script
14 verbose stack Error: blog-playlist@1.0.0 dev: `cross-env NODE_ENV=development webpack-dev-server --open --hot`
14 verbose stack Exit status 3221225786
14 verbose stack     at EventEmitter.<anonymous> (C:\Program Files\nodejs\node_modules\npm\lib\utils\lifecycle.js:255:16)
14 verbose stack     at emitTwo (events.js:106:13)
14 verbose stack     at EventEmitter.emit (events.js:191:7)
14 verbose stack     at ChildProcess.<anonymous> (C:\Program Files\nodejs\node_modules\npm\lib\utils\spawn.js:40:14)
14 verbose stack     at emitTwo (events.js:106:13)
14 verbose stack     at ChildProcess.emit (events.js:191:7)
14 verbose stack     at maybeClose (internal/child_process.js:877:16)
14 verbose stack     at Process.ChildProcess._handle.onexit (internal/child_process.js:226:5)
15 verbose pkgid blog-playlist@1.0.0
16 verbose cwd C:\Users\BIBO\Documents\Mywebsite\recording\blog-playlist\src
17 error Windows_NT 10.0.17134
18 error argv "C:\\Program Files\\nodejs\\node.exe" "C:\\Program Files\\nodejs\\node_modules\\npm\\bin\\npm-cli.js" "run" "dev"
19 error node v6.10.0
20 error npm  v3.10.10
21 error code ELIFECYCLE
22 error blog-playlist@1.0.0 dev: `cross-env NODE_ENV=development webpack-dev-server --open --hot`
22 error Exit status 3221225786
23 error Failed at the blog-playlist@1.0.0 dev script 'cross-env NODE_ENV=development webpack-dev-server --open --hot'.
23 error Make sure you have the latest version of node.js and npm installed.
23 error If you do, this is most likely a problem with the blog-playlist package,
23 error not with npm itself.
23 error Tell the author that this fails on your system:
23 error     cross-env NODE_ENV=development webpack-dev-server --open --hot
23 error You can get information on how to open an issue for this project with:
23 error     npm bugs blog-playlist
23 error Or if that isn't available, you can get their info via:
23 error     npm owner ls blog-playlist
23 error There is likely additional logging output above.
24 verbose exit [ 1, true ]
